<?xml version="1.0" encoding="UTF-8"?>
<!-- Generated by org.testng.reporters.JUnitReportReporter -->
<testsuite hostname="Arbiya-Maitems" name="c2info_OrderBuk_OrderInvoicedTCs.TC_008_VerifyFooterModeOfDelivery" tests="1" failures="0" timestamp="25 Jan 2018 09:58:41 GMT" time="124.473" errors="0">
  <testcase name="verifyFooterModeOfDelivery" time="124.473" classname="c2info_OrderBuk_OrderInvoicedTCs.TC_008_VerifyFooterModeOfDelivery"/>
</testsuite> <!-- c2info_OrderBuk_OrderInvoicedTCs.TC_008_VerifyFooterModeOfDelivery -->
