<?xml version="1.0" encoding="UTF-8"?>
<!-- Generated by org.testng.reporters.JUnitReportReporter -->
<testsuite skipped="0" hostname="ChethanBidare-pc" name="c2info_OrderBuk_ReadyForOrderTCs.TC_002_VerifyDetailsExistence" tests="1" failures="0" timestamp="29 Jan 2018 11:04:49 GMT" time="9.956" errors="0">
  <testcase name="verifyOrderIDIsNotNull" time="9.956" classname="c2info_OrderBuk_ReadyForOrderTCs.TC_002_VerifyDetailsExistence"/>
</testsuite> <!-- c2info_OrderBuk_ReadyForOrderTCs.TC_002_VerifyDetailsExistence -->
