<?xml version="1.0" encoding="UTF-8"?>
<!-- Generated by org.testng.reporters.JUnitReportReporter -->
<testsuite skipped="0" hostname="ChethanBidare-pc" name="c2info_OrderBuk_OrderSentToServerTCs.TC_001_VerifyDetailsExistance" tests="1" failures="0" timestamp="31 Jan 2018 06:57:00 GMT" time="13.433" errors="0">
  <testcase name="verifyOrderIDIsNotNull" time="13.433" classname="c2info_OrderBuk_OrderSentToServerTCs.TC_001_VerifyDetailsExistance"/>
</testsuite> <!-- c2info_OrderBuk_OrderSentToServerTCs.TC_001_VerifyDetailsExistance -->
