<?xml version="1.0" encoding="UTF-8"?>
<!-- Generated by org.testng.reporters.JUnitReportReporter -->
<testsuite skipped="0" hostname="ChethanBidare-pc" name="c2info_OrderBuk_ToBeVerifiedTCs.TC_007_VerifyDoseAsUnit" tests="1" failures="0" timestamp="19 Jan 2018 06:50:38 GMT" time="0.001" errors="0">
  <testcase name="verifyDosage" time="0.001" classname="c2info_OrderBuk_ToBeVerifiedTCs.TC_007_VerifyDoseAsUnit"/>
</testsuite> <!-- c2info_OrderBuk_ToBeVerifiedTCs.TC_007_VerifyDoseAsUnit -->
