<?xml version="1.0" encoding="UTF-8"?>
<!-- Generated by org.testng.reporters.JUnitReportReporter -->
<testsuite skipped="0" hostname="ChethanBidare-pc" name="c2info_OrderBuk_ToBeVerifiedTCs.TC_006_VerifyOnSubmitReadyForOrder" tests="1" failures="0" timestamp="29 Jan 2018 11:04:49 GMT" time="61.237" errors="0">
  <testcase name="VerifyOrderPushedToReadyForOrder" time="61.237" classname="c2info_OrderBuk_ToBeVerifiedTCs.TC_006_VerifyOnSubmitReadyForOrder"/>
</testsuite> <!-- c2info_OrderBuk_ToBeVerifiedTCs.TC_006_VerifyOnSubmitReadyForOrder -->
