<?xml version="1.0" encoding="UTF-8"?>
<!-- Generated by org.testng.reporters.JUnitReportReporter -->
<testsuite skipped="0" hostname="ChethanBidare-pc" name="c2info_OrderBuk_CustConfirmedveriPendingTCs.TC_007_VerifySubmitByAddingItems" tests="1" failures="0" timestamp="31 Jan 2018 06:57:00 GMT" time="143.103" errors="0">
  <testcase name="verifySubmitOrderFunctionality" time="143.103" classname="c2info_OrderBuk_CustConfirmedveriPendingTCs.TC_007_VerifySubmitByAddingItems"/>
</testsuite> <!-- c2info_OrderBuk_CustConfirmedveriPendingTCs.TC_007_VerifySubmitByAddingItems -->
