<?xml version="1.0" encoding="UTF-8"?>
<!-- Generated by org.testng.reporters.JUnitReportReporter -->
<testsuite skipped="0" hostname="ChethanBidare-pc" name="c2info_OrderBuk_NewItemPutOnHoldTCs.TC_006_VerifyNewItemFromTBV" tests="1" failures="0" timestamp="23 Jan 2018 09:05:59 GMT" time="44.382" errors="0">
  <testcase name="verifyNewItemFomTBV" time="44.382" classname="c2info_OrderBuk_NewItemPutOnHoldTCs.TC_006_VerifyNewItemFromTBV"/>
</testsuite> <!-- c2info_OrderBuk_NewItemPutOnHoldTCs.TC_006_VerifyNewItemFromTBV -->
