<?xml version="1.0" encoding="UTF-8"?>
<!-- Generated by org.testng.reporters.JUnitReportReporter -->
<testsuite skipped="0" hostname="ChethanBidare-pc" name="c2info_OrderBuk_ReadyForOrderTCs.TC_002_VerifyDetailsExistence" tests="3" failures="0" timestamp="03 Sep 2018 05:45:13 GMT" time="11.225" errors="0">
  <testcase name="verifyOrderIDIsNotNull" time="11.163" classname="c2info_OrderBuk_ReadyForOrderTCs.TC_002_VerifyDetailsExistence"/>
  <testcase name="verifyCustomerNameIsNotNull" time="0.031" classname="c2info_OrderBuk_ReadyForOrderTCs.TC_002_VerifyDetailsExistence"/>
  <testcase name="verifyCustomerNumberIsNotNull" time="0.031" classname="c2info_OrderBuk_ReadyForOrderTCs.TC_002_VerifyDetailsExistence"/>
</testsuite> <!-- c2info_OrderBuk_ReadyForOrderTCs.TC_002_VerifyDetailsExistence -->
