<?xml version="1.0" encoding="UTF-8"?>
<!-- Generated by org.testng.reporters.JUnitReportReporter -->
<testsuite hostname="Arbiya-Maitems" name="c2info_OrderBuk_ToBeVerifiedTCs.TC_001_VerifyInvalidOrder" tests="1" failures="0" timestamp="26 Jan 2018 07:33:10 GMT" time="125.132" errors="0">
  <testcase name="verifyInvalidOrder" time="125.132" classname="c2info_OrderBuk_ToBeVerifiedTCs.TC_001_VerifyInvalidOrder"/>
</testsuite> <!-- c2info_OrderBuk_ToBeVerifiedTCs.TC_001_VerifyInvalidOrder -->
