<?xml version="1.0" encoding="UTF-8"?>
<!-- Generated by org.testng.reporters.JUnitReportReporter -->
<testsuite skipped="0" hostname="ChethanBidare-pc" name="c2info_OrderBuk_OrderInvoicedTCs.TC_005_VerifySumOfSubTotalsWithGrandSubTotal" tests="1" failures="0" timestamp="29 Jan 2018 11:04:49 GMT" time="12.547" errors="0">
  <testcase name="verifySumOfSubTotalsWithGrandSubTotal" time="12.547" classname="c2info_OrderBuk_OrderInvoicedTCs.TC_005_VerifySumOfSubTotalsWithGrandSubTotal"/>
</testsuite> <!-- c2info_OrderBuk_OrderInvoicedTCs.TC_005_VerifySumOfSubTotalsWithGrandSubTotal -->
