<?xml version="1.0" encoding="UTF-8"?>
<!-- Generated by org.testng.reporters.JUnitReportReporter -->
<testsuite skipped="0" hostname="ChethanBidare-pc" name="c2info_OrderBuk_CustConfirmedveriPendingTCs.TC_007_VerifySubmitByAddingItems" tests="1" failures="0" timestamp="03 Sep 2018 05:45:13 GMT" time="141.919" errors="0">
  <testcase name="verifySubmitOrderFunctionality" time="141.919" classname="c2info_OrderBuk_CustConfirmedveriPendingTCs.TC_007_VerifySubmitByAddingItems"/>
</testsuite> <!-- c2info_OrderBuk_CustConfirmedveriPendingTCs.TC_007_VerifySubmitByAddingItems -->
