<?xml version="1.0" encoding="UTF-8"?>
<!-- Generated by org.testng.reporters.JUnitReportReporter -->
<testsuite hostname="Arbiya-Maitems" name="c2info_OrderBuk_OrderInvoicedTCs.TC_003_VerifyOrderClosedButton" tests="2" failures="0" timestamp="25 Jan 2018 11:49:16 GMT" time="145.553" errors="0">
  <testcase name="verifyOrderClosedButtonMsg" time="69.208" classname="c2info_OrderBuk_OrderInvoicedTCs.TC_003_VerifyOrderClosedButton"/>
  <testcase name="verifyOrderClosedButtonFunctionality" time="76.345" classname="c2info_OrderBuk_OrderInvoicedTCs.TC_003_VerifyOrderClosedButton"/>
</testsuite> <!-- c2info_OrderBuk_OrderInvoicedTCs.TC_003_VerifyOrderClosedButton -->
