<?xml version="1.0" encoding="UTF-8"?>
<!-- Generated by org.testng.reporters.JUnitReportReporter -->
<testsuite skipped="0" hostname="ChethanBidare-pc" name="c2info_OrderBuk_NewItemPutOnHoldTCs.TC_001_VerifyAtleastOneItemIsAddedasNewItem" tests="1" failures="0" timestamp="31 Jan 2018 06:57:00 GMT" time="11.126" errors="0">
  <testcase name="verifyAtleastOneItemIsAddedasNewItem" time="11.126" classname="c2info_OrderBuk_NewItemPutOnHoldTCs.TC_001_VerifyAtleastOneItemIsAddedasNewItem"/>
</testsuite> <!-- c2info_OrderBuk_NewItemPutOnHoldTCs.TC_001_VerifyAtleastOneItemIsAddedasNewItem -->
