<?xml version="1.0" encoding="UTF-8"?>
<!-- Generated by org.testng.reporters.JUnitReportReporter -->
<testsuite skipped="0" hostname="ChethanBidare-pc" name="c2info_OrderBuk_OrderReturnedTCs.TC_008_VerifyFooterModeOfDelivery" tests="1" failures="0" timestamp="31 Jan 2018 06:57:00 GMT" time="25.148" errors="0">
  <testcase name="verifyFooterModeOfDelivery" time="25.148" classname="c2info_OrderBuk_OrderReturnedTCs.TC_008_VerifyFooterModeOfDelivery"/>
</testsuite> <!-- c2info_OrderBuk_OrderReturnedTCs.TC_008_VerifyFooterModeOfDelivery -->
