<?xml version="1.0" encoding="UTF-8"?>
<!-- Generated by org.testng.reporters.JUnitReportReporter -->
<testsuite skipped="0" hostname="ChethanBidare-pc" name="c2info_OrderBuk_OrderReturnedTCs.TC_001_VerifyDetailsExistanceInOrderReturned" tests="1" failures="0" timestamp="31 Jan 2018 06:57:00 GMT" time="11.356" errors="0">
  <testcase name="verifyOrderIDIsNotNull" time="11.356" classname="c2info_OrderBuk_OrderReturnedTCs.TC_001_VerifyDetailsExistanceInOrderReturned"/>
</testsuite> <!-- c2info_OrderBuk_OrderReturnedTCs.TC_001_VerifyDetailsExistanceInOrderReturned -->
