<?xml version="1.0" encoding="UTF-8"?>
<!-- Generated by org.testng.reporters.JUnitReportReporter -->
<testsuite skipped="0" hostname="ChethanBidare-pc" name="c2info_OrderBuk_DashboardTCs.TC_001_VerifyAllBucketLinks" tests="1" failures="0" timestamp="30 Jan 2018 07:08:54 GMT" time="61.532" errors="0">
  <testcase name="verifyAllBucketlinks" time="61.532" classname="c2info_OrderBuk_DashboardTCs.TC_001_VerifyAllBucketLinks"/>
</testsuite> <!-- c2info_OrderBuk_DashboardTCs.TC_001_VerifyAllBucketLinks -->
