<?xml version="1.0" encoding="UTF-8"?>
<!-- Generated by org.testng.reporters.JUnitReportReporter -->
<testsuite skipped="0" hostname="ChethanBidare-pc" name="c2info_OrderBuk_DashboardTCs.TC_002_VerifyOrderCountInEachbucket" tests="1" failures="0" timestamp="29 Jan 2018 11:04:49 GMT" time="17.484" errors="0">
  <testcase name="verifyOrderCountToBeVerified" time="17.484" classname="c2info_OrderBuk_DashboardTCs.TC_002_VerifyOrderCountInEachbucket"/>
</testsuite> <!-- c2info_OrderBuk_DashboardTCs.TC_002_VerifyOrderCountInEachbucket -->
