<?xml version="1.0" encoding="UTF-8"?>
<!-- Generated by org.testng.reporters.JUnitReportReporter -->
<testsuite skipped="0" hostname="ChethanBidare-pc" name="c2info_OrderBuk_CustConfirmedveriPendingTCs.TC_008_VerifyNewItemRequestFunctionality" tests="1" failures="0" timestamp="31 Jan 2018 06:57:00 GMT" time="40.327" errors="0">
  <testcase name="verifyNewItemRequest" time="40.327" classname="c2info_OrderBuk_CustConfirmedveriPendingTCs.TC_008_VerifyNewItemRequestFunctionality"/>
</testsuite> <!-- c2info_OrderBuk_CustConfirmedveriPendingTCs.TC_008_VerifyNewItemRequestFunctionality -->
