<?xml version="1.0" encoding="UTF-8"?>
<!-- Generated by org.testng.reporters.JUnitReportReporter -->
<testsuite skipped="0" hostname="ChethanBidare-pc" name="c2info_OrderBuk_OrderInvoicedTCs.TC_006_VerifyGrandTotal" tests="1" failures="0" timestamp="29 Jan 2018 11:04:49 GMT" time="17.494" errors="0">
  <testcase name="verifySumOfSubTotalsWithGrandSubTotal" time="17.494" classname="c2info_OrderBuk_OrderInvoicedTCs.TC_006_VerifyGrandTotal"/>
</testsuite> <!-- c2info_OrderBuk_OrderInvoicedTCs.TC_006_VerifyGrandTotal -->
