<?xml version="1.0" encoding="UTF-8"?>
<!-- Generated by org.testng.reporters.JUnitReportReporter -->
<testsuite skipped="0" hostname="ChethanBidare-pc" name="c2info_OrderBuk_DashboardTCs.TC_002_VerifyOrderCountInEachbucket" tests="1" failures="0" timestamp="03 Jan 2018 05:49:30 GMT" time="17.773" errors="0">
  <testcase name="verifyOrderCountToBeVerified" time="17.773" classname="c2info_OrderBuk_DashboardTCs.TC_002_VerifyOrderCountInEachbucket"/>
</testsuite> <!-- c2info_OrderBuk_DashboardTCs.TC_002_VerifyOrderCountInEachbucket -->
