<?xml version="1.0" encoding="UTF-8"?>
<!-- Generated by org.testng.reporters.JUnitReportReporter -->
<testsuite skipped="0" hostname="ChethanBidare-pc" name="c2info_OrderBuk_OrderSentToServerTCs.TC_006_VerifySumOfSubTotalsWithGrandSubTotal" tests="1" failures="0" timestamp="24 Jan 2018 07:14:21 GMT" time="15.530" errors="0">
  <testcase name="verifySumOfSubTotalsWithGrandSubTotal" time="15.530" classname="c2info_OrderBuk_OrderSentToServerTCs.TC_006_VerifySumOfSubTotalsWithGrandSubTotal"/>
</testsuite> <!-- c2info_OrderBuk_OrderSentToServerTCs.TC_006_VerifySumOfSubTotalsWithGrandSubTotal -->
