<?xml version="1.0" encoding="UTF-8"?>
<!-- Generated by org.testng.reporters.JUnitReportReporter -->
<testsuite skipped="0" hostname="ChethanBidare-pc" name="c2info_OrderBuk_CustConfirmedveriPendingTCs.TC_008_VerifyNewItemRequestFunctionality" tests="1" failures="0" timestamp="22 Jan 2018 06:23:56 GMT" time="103.709" errors="0">
  <testcase name="verifyNewItemRequest" time="103.709" classname="c2info_OrderBuk_CustConfirmedveriPendingTCs.TC_008_VerifyNewItemRequestFunctionality"/>
</testsuite> <!-- c2info_OrderBuk_CustConfirmedveriPendingTCs.TC_008_VerifyNewItemRequestFunctionality -->
