<?xml version="1.0" encoding="UTF-8"?>
<!-- Generated by org.testng.reporters.JUnitReportReporter -->
<testsuite skipped="0" hostname="ChethanBidare-pc" name="c2info_OrderBuk_OrderInvoicedTCs.TC_004_VerifySumOfItemsWithGrandTotal" tests="1" failures="0" timestamp="31 Jan 2018 06:57:00 GMT" time="27.422" errors="0">
  <testcase name="verifySumOfItemsWithGrandTotal" time="27.422" classname="c2info_OrderBuk_OrderInvoicedTCs.TC_004_VerifySumOfItemsWithGrandTotal"/>
</testsuite> <!-- c2info_OrderBuk_OrderInvoicedTCs.TC_004_VerifySumOfItemsWithGrandTotal -->
