<?xml version="1.0" encoding="UTF-8"?>
<!-- Generated by org.testng.reporters.JUnitReportReporter -->
<testsuite skipped="0" hostname="ChethanBidare-pc" name="c2info_OrderBuk_DashboardTCs.TC_001_VerifyAllBucketLinks" tests="1" failures="0" timestamp="01 Jan 2018 10:19:07 GMT" time="70.412" errors="0">
  <testcase name="verifyAllBucketlinks" time="70.412" classname="c2info_OrderBuk_DashboardTCs.TC_001_VerifyAllBucketLinks"/>
</testsuite> <!-- c2info_OrderBuk_DashboardTCs.TC_001_VerifyAllBucketLinks -->
