<?xml version="1.0" encoding="UTF-8"?>
<!-- Generated by org.testng.reporters.JUnitReportReporter -->
<testsuite skipped="0" hostname="ChethanBidare-pc" name="c2info_OrderBuk_ReadyForOrderTCs.TC_008_VerifyByDeselectingAllItemsAndConfirm" tests="1" failures="0" timestamp="19 Jan 2018 06:50:38 GMT" time="14.787" errors="0">
  <testcase name="deselectAllitemsAndCOnfirmOrder" time="14.787" classname="c2info_OrderBuk_ReadyForOrderTCs.TC_008_VerifyByDeselectingAllItemsAndConfirm"/>
</testsuite> <!-- c2info_OrderBuk_ReadyForOrderTCs.TC_008_VerifyByDeselectingAllItemsAndConfirm -->
