<?xml version="1.0" encoding="UTF-8"?>
<!-- Generated by org.testng.reporters.JUnitReportReporter -->
<testsuite skipped="0" hostname="ChethanBidare-pc" name="c2info_OrderBuk_ReadyForOrderTCs.TC_005_VerifyConfirmBtn" tests="1" failures="0" timestamp="03 Sep 2018 05:45:13 GMT" time="31.519" errors="0">
  <testcase name="verifyConfirmButtonFunctionality" time="31.519" classname="c2info_OrderBuk_ReadyForOrderTCs.TC_005_VerifyConfirmBtn"/>
</testsuite> <!-- c2info_OrderBuk_ReadyForOrderTCs.TC_005_VerifyConfirmBtn -->
