<?xml version="1.0" encoding="UTF-8"?>
<!-- Generated by org.testng.reporters.JUnitReportReporter -->
<testsuite skipped="0" hostname="ChethanBidare-pc" name="c2info_OrderBuk_ReadyForOrderTCs.TC_006_VerifyCancelButton" tests="1" failures="0" timestamp="03 Sep 2018 05:45:13 GMT" time="27.665" errors="0">
  <testcase name="verifyCancelButtonFunctionality" time="27.665" classname="c2info_OrderBuk_ReadyForOrderTCs.TC_006_VerifyCancelButton"/>
</testsuite> <!-- c2info_OrderBuk_ReadyForOrderTCs.TC_006_VerifyCancelButton -->
