<?xml version="1.0" encoding="UTF-8"?>
<!-- Generated by org.testng.reporters.JUnitReportReporter -->
<testsuite hostname="Arbiya-Maitems" name="c2info_OrderBuk_SupportCancelledTCs.TC_001_VerifyInvalidPrescFromTBV" tests="1" failures="0" timestamp="26 Jan 2018 05:04:09 GMT" time="31.308" errors="0">
  <testcase name="verifyInvalidPrescFromTBV" time="31.308" classname="c2info_OrderBuk_SupportCancelledTCs.TC_001_VerifyInvalidPrescFromTBV"/>
</testsuite> <!-- c2info_OrderBuk_SupportCancelledTCs.TC_001_VerifyInvalidPrescFromTBV -->
