<?xml version="1.0" encoding="UTF-8"?>
<!-- Generated by org.testng.reporters.JUnitReportReporter -->
<testsuite skipped="0" hostname="ChethanBidare-pc" name="c2info_OrderBuk_ReadyForOrderTCs.TC_003_VerifySubTotalwithItemWiseAmt" tests="1" failures="0" timestamp="18 Jan 2018 08:36:41 GMT" time="11.448" errors="0">
  <testcase name="verifySubTotalAmt" time="11.448" classname="c2info_OrderBuk_ReadyForOrderTCs.TC_003_VerifySubTotalwithItemWiseAmt"/>
</testsuite> <!-- c2info_OrderBuk_ReadyForOrderTCs.TC_003_VerifySubTotalwithItemWiseAmt -->
