<?xml version="1.0" encoding="UTF-8"?>
<!-- Generated by org.testng.reporters.JUnitReportReporter -->
<testsuite skipped="0" hostname="ChethanBidare-pc" name="c2info_OrderBuk_DeliveredTCs.TC_003_VerifyOrderClosedButton" tests="1" failures="0" timestamp="31 Jan 2018 06:57:00 GMT" time="43.117" errors="0">
  <testcase name="verifyOrderClosedButtonFunctionality" time="43.117" classname="c2info_OrderBuk_DeliveredTCs.TC_003_VerifyOrderClosedButton"/>
</testsuite> <!-- c2info_OrderBuk_DeliveredTCs.TC_003_VerifyOrderClosedButton -->
