<?xml version="1.0" encoding="UTF-8"?>
<!-- Generated by org.testng.reporters.JUnitReportReporter -->
<testsuite skipped="0" hostname="ChethanBidare-pc" name="c2info_OrderBuk_SupportCancelledTCs.TC_003_VerifyInvalidOrderFromCCVP" tests="1" failures="0" timestamp="29 Jan 2018 11:04:49 GMT" time="24.036" errors="0">
  <testcase name="verifyInvalidOrder" time="24.036" classname="c2info_OrderBuk_SupportCancelledTCs.TC_003_VerifyInvalidOrderFromCCVP"/>
</testsuite> <!-- c2info_OrderBuk_SupportCancelledTCs.TC_003_VerifyInvalidOrderFromCCVP -->
