<?xml version="1.0" encoding="UTF-8"?>
<!-- Generated by org.testng.reporters.JUnitReportReporter -->
<testsuite skipped="0" hostname="ChethanBidare-pc" name="c2info_OrderBuk_LoginTest.TC_001_LoginTestWithValidData" tests="1" failures="0" timestamp="31 Jan 2018 06:57:00 GMT" time="15.418" errors="0">
  <testcase name="loginWithValidData" time="15.418" classname="c2info_OrderBuk_LoginTest.TC_001_LoginTestWithValidData"/>
</testsuite> <!-- c2info_OrderBuk_LoginTest.TC_001_LoginTestWithValidData -->
