<?xml version="1.0" encoding="UTF-8"?>
<!-- Generated by org.testng.reporters.JUnitReportReporter -->
<testsuite skipped="0" hostname="ChethanBidare-pc" name="c2info_OrderBuk_ReadyForOrderTCs.TC_012_VerifyDeliveryPickUpDropdown" tests="2" failures="0" timestamp="07 Feb 2018 06:30:55 GMT" time="25.475" errors="0">
  <testcase name="verifyDeliveryChargesForPickUp" time="19.343" classname="c2info_OrderBuk_ReadyForOrderTCs.TC_012_VerifyDeliveryPickUpDropdown"/>
  <testcase name="verifyDeliveryChargesForDelivery" time="6.132" classname="c2info_OrderBuk_ReadyForOrderTCs.TC_012_VerifyDeliveryPickUpDropdown"/>
</testsuite> <!-- c2info_OrderBuk_ReadyForOrderTCs.TC_012_VerifyDeliveryPickUpDropdown -->
