<?xml version="1.0" encoding="UTF-8"?>
<!-- Generated by org.testng.reporters.JUnitReportReporter -->
<testsuite skipped="0" hostname="ChethanBidare-pc" name="c2info_OrderBuk_OrderSentToServerTCs.TC_010_VerifyDownloadPDFButton" tests="1" failures="0" timestamp="31 Jan 2018 06:57:00 GMT" time="29.744" errors="0">
  <testcase name="verifyDownloadButton" time="29.744" classname="c2info_OrderBuk_OrderSentToServerTCs.TC_010_VerifyDownloadPDFButton"/>
</testsuite> <!-- c2info_OrderBuk_OrderSentToServerTCs.TC_010_VerifyDownloadPDFButton -->
