<?xml version="1.0" encoding="UTF-8"?>
<!-- Generated by org.testng.reporters.JUnitReportReporter -->
<testsuite skipped="0" hostname="ChethanBidare-pc" name="c2info_OrderBuk_DashboardTCs.TC_002_VerifyOrderCountInEachbucket" tests="1" failures="0" timestamp="31 Jan 2018 06:57:00 GMT" time="17.936" errors="0">
  <testcase name="verifyOrderCountToBeVerified" time="17.936" classname="c2info_OrderBuk_DashboardTCs.TC_002_VerifyOrderCountInEachbucket"/>
</testsuite> <!-- c2info_OrderBuk_DashboardTCs.TC_002_VerifyOrderCountInEachbucket -->
