<?xml version="1.0" encoding="UTF-8"?>
<!-- Generated by org.testng.reporters.JUnitReportReporter -->
<testsuite skipped="0" hostname="ChethanBidare-pc" name="c2info_OrderBuk_NewItemPutOnHoldTCs.TC_002_VerifyReverifyFunctionalityandMsg" tests="2" failures="0" timestamp="23 Jan 2018 05:30:22 GMT" time="47.398" errors="0">
  <testcase name="verifyReverifyFunctionality" time="15.856" classname="c2info_OrderBuk_NewItemPutOnHoldTCs.TC_002_VerifyReverifyFunctionalityandMsg"/>
  <testcase name="verifyReverifyMsg" time="31.542" classname="c2info_OrderBuk_NewItemPutOnHoldTCs.TC_002_VerifyReverifyFunctionalityandMsg"/>
</testsuite> <!-- c2info_OrderBuk_NewItemPutOnHoldTCs.TC_002_VerifyReverifyFunctionalityandMsg -->
