<?xml version="1.0" encoding="UTF-8"?>
<!-- Generated by org.testng.reporters.JUnitReportReporter -->
<testsuite skipped="0" hostname="ChethanBidare-pc" name="c2info_OrderBuk_ReadyForOrderTCs.TC_007_VerifyReverifyButton" tests="1" failures="0" timestamp="31 Jan 2018 06:57:00 GMT" time="41.810" errors="0">
  <testcase name="verifyReverifybutton" time="41.810" classname="c2info_OrderBuk_ReadyForOrderTCs.TC_007_VerifyReverifyButton"/>
</testsuite> <!-- c2info_OrderBuk_ReadyForOrderTCs.TC_007_VerifyReverifyButton -->
