<?xml version="1.0" encoding="UTF-8"?>
<!-- Generated by org.testng.reporters.JUnitReportReporter -->
<testsuite hostname="Arbiya-Maitems" name="c2info_OrderBuk_OrderSentToServerTCs.TC_010_VerifyDownloadPDFButton" tests="1" failures="0" timestamp="25 Jan 2018 08:06:58 GMT" time="90.061" errors="0">
  <testcase name="verifyDownloadButton" time="90.061" classname="c2info_OrderBuk_OrderSentToServerTCs.TC_010_VerifyDownloadPDFButton"/>
</testsuite> <!-- c2info_OrderBuk_OrderSentToServerTCs.TC_010_VerifyDownloadPDFButton -->
