<?xml version="1.0" encoding="UTF-8"?>
<!-- Generated by org.testng.reporters.JUnitReportReporter -->
<testsuite hostname="Arbiya-Maitems" name="c2info_OrderBuk_OrderInvoicedTCs.TC_004_VerifySumOfItemsWithGrandTotal" tests="1" failures="0" timestamp="25 Jan 2018 11:46:07 GMT" time="60.452" errors="0">
  <testcase name="verifySumOfItemsWithGrandTotal" time="60.452" classname="c2info_OrderBuk_OrderInvoicedTCs.TC_004_VerifySumOfItemsWithGrandTotal"/>
</testsuite> <!-- c2info_OrderBuk_OrderInvoicedTCs.TC_004_VerifySumOfItemsWithGrandTotal -->
