<?xml version="1.0" encoding="UTF-8"?>
<!-- Generated by org.testng.reporters.JUnitReportReporter -->
<testsuite skipped="0" hostname="ChethanBidare-pc" name="c2info_OrderBuk_ToBeVerifiedTCs.TC_002_VerifyImageExistanceInPrescriptionPage" tests="2" failures="0" timestamp="06 Jan 2018 04:51:21 GMT" time="8.603" errors="0">
  <testcase name="verifyImageInPrescriptionPage" time="5.986" classname="c2info_OrderBuk_ToBeVerifiedTCs.TC_002_VerifyImageExistanceInPrescriptionPage"/>
  <testcase name="verifyImageInDigitizePage" time="2.617" classname="c2info_OrderBuk_ToBeVerifiedTCs.TC_002_VerifyImageExistanceInPrescriptionPage"/>
</testsuite> <!-- c2info_OrderBuk_ToBeVerifiedTCs.TC_002_VerifyImageExistanceInPrescriptionPage -->
