<?xml version="1.0" encoding="UTF-8"?>
<!-- Generated by org.testng.reporters.JUnitReportReporter -->
<testsuite skipped="0" hostname="ChethanBidare-pc" name="c2info_OrderBuk_NewItemPutOnHoldTCs.TC_007_VerifyNewItemFromCCVP" tests="1" failures="0" timestamp="29 Jan 2018 11:04:49 GMT" time="39.149" errors="0">
  <testcase name="verifyNewItemFromCCVP" time="39.149" classname="c2info_OrderBuk_NewItemPutOnHoldTCs.TC_007_VerifyNewItemFromCCVP"/>
</testsuite> <!-- c2info_OrderBuk_NewItemPutOnHoldTCs.TC_007_VerifyNewItemFromCCVP -->
