<?xml version="1.0" encoding="UTF-8"?>
<!-- Generated by org.testng.reporters.JUnitReportReporter -->
<testsuite skipped="0" hostname="ChethanBidare-pc" name="c2info_OrderBuk_ReadyForOrderTCs.TC_004_VerifyGrandTotalAmt" tests="1" failures="0" timestamp="19 Jan 2018 06:50:38 GMT" time="16.424" errors="0">
  <testcase name="verifyGrandTotal" time="16.424" classname="c2info_OrderBuk_ReadyForOrderTCs.TC_004_VerifyGrandTotalAmt"/>
</testsuite> <!-- c2info_OrderBuk_ReadyForOrderTCs.TC_004_VerifyGrandTotalAmt -->
