<?xml version="1.0" encoding="UTF-8"?>
<!-- Generated by org.testng.reporters.JUnitReportReporter -->
<testsuite skipped="0" hostname="ChethanBidare-pc" name="c2info_OrderBuk_OrderReturnedTCs.TC_001_VerifyDetailsExistanceInOrderReturned" tests="1" failures="0" timestamp="29 Jan 2018 11:04:49 GMT" time="7.652" errors="0">
  <testcase name="verifyOrderIDIsNotNull" time="7.652" classname="c2info_OrderBuk_OrderReturnedTCs.TC_001_VerifyDetailsExistanceInOrderReturned"/>
</testsuite> <!-- c2info_OrderBuk_OrderReturnedTCs.TC_001_VerifyDetailsExistanceInOrderReturned -->
