<?xml version="1.0" encoding="UTF-8"?>
<!-- Generated by org.testng.reporters.JUnitReportReporter -->
<testsuite skipped="0" hostname="ChethanBidare-pc" name="c2info_OrderBuk_ReadyForOrderTCs.TC_007_VerifyReverifyButton" tests="1" failures="0" timestamp="18 Jan 2018 10:29:24 GMT" time="17.486" errors="0">
  <testcase name="verifyReverifybutton" time="17.486" classname="c2info_OrderBuk_ReadyForOrderTCs.TC_007_VerifyReverifyButton"/>
</testsuite> <!-- c2info_OrderBuk_ReadyForOrderTCs.TC_007_VerifyReverifyButton -->
