<?xml version="1.0" encoding="UTF-8"?>
<!-- Generated by org.testng.reporters.JUnitReportReporter -->
<testsuite hostname="Arbiya-Maitems" name="c2info_OrderBuk_IntegrationSuiteTCs.TC_002_AddItemsInRFOandVerifyInOrderConfirmed" tests="1" failures="0" timestamp="4 Feb 2018 17:14:27 GMT" time="60.963" errors="0">
  <testcase name="verifyByAddingItems" time="60.963" classname="c2info_OrderBuk_IntegrationSuiteTCs.TC_002_AddItemsInRFOandVerifyInOrderConfirmed"/>
</testsuite> <!-- c2info_OrderBuk_IntegrationSuiteTCs.TC_002_AddItemsInRFOandVerifyInOrderConfirmed -->
