<?xml version="1.0" encoding="UTF-8"?>
<!-- Generated by org.testng.reporters.JUnitReportReporter -->
<testsuite skipped="0" hostname="ChethanBidare-pc" name="c2info_OrderBuk_DashboardTCs.TC_001_VerifyAllBucketLinks" tests="1" failures="0" timestamp="31 Jan 2018 06:57:00 GMT" time="107.622" errors="0">
  <testcase name="verifyAllBucketlinks" time="107.622" classname="c2info_OrderBuk_DashboardTCs.TC_001_VerifyAllBucketLinks"/>
</testsuite> <!-- c2info_OrderBuk_DashboardTCs.TC_001_VerifyAllBucketLinks -->
