<?xml version="1.0" encoding="UTF-8"?>
<!-- Generated by org.testng.reporters.JUnitReportReporter -->
<testsuite skipped="0" hostname="ChethanBidare-pc" name="c2info_OrderBuk_NewItemPutOnHoldTCs.TC_007_VerifyNewItemFromCCVP" tests="1" failures="0" timestamp="23 Jan 2018 09:20:01 GMT" time="40.615" errors="0">
  <testcase name="verifyNewItemFromCCVP" time="40.615" classname="c2info_OrderBuk_NewItemPutOnHoldTCs.TC_007_VerifyNewItemFromCCVP"/>
</testsuite> <!-- c2info_OrderBuk_NewItemPutOnHoldTCs.TC_007_VerifyNewItemFromCCVP -->
