<?xml version="1.0" encoding="UTF-8"?>
<!-- Generated by org.testng.reporters.JUnitReportReporter -->
<testsuite skipped="0" hostname="ChethanBidare-pc" name="c2info_OrderBuk_CustConfirmedveriPendingTCs.TC_001_VerifyImageExistance" tests="2" failures="0" timestamp="03 Sep 2018 05:45:13 GMT" time="24.257" errors="0">
  <testcase name="verifyImageInPrescriptionPage" time="16.553" classname="c2info_OrderBuk_CustConfirmedveriPendingTCs.TC_001_VerifyImageExistance"/>
  <testcase name="verifyImageInDigitizePage" time="7.704" classname="c2info_OrderBuk_CustConfirmedveriPendingTCs.TC_001_VerifyImageExistance"/>
</testsuite> <!-- c2info_OrderBuk_CustConfirmedveriPendingTCs.TC_001_VerifyImageExistance -->
