<?xml version="1.0" encoding="UTF-8"?>
<!-- Generated by org.testng.reporters.JUnitReportReporter -->
<testsuite skipped="0" hostname="ChethanBidare-pc" name="c2info_OrderBuk_OrderSentToServerTCs.TC_003_VerifyOrderHistoryButton" tests="1" failures="0" timestamp="23 Jan 2018 12:05:51 GMT" time="19.379" errors="0">
  <testcase name="verifyOrderhistorybutton" time="19.379" classname="c2info_OrderBuk_OrderSentToServerTCs.TC_003_VerifyOrderHistoryButton"/>
</testsuite> <!-- c2info_OrderBuk_OrderSentToServerTCs.TC_003_VerifyOrderHistoryButton -->
