<?xml version="1.0" encoding="UTF-8"?>
<!-- Generated by org.testng.reporters.JUnitReportReporter -->
<testsuite skipped="0" hostname="ChethanBidare-pc" name="c2info_OrderBuk_NewItemPutOnHoldTCs.TC_005_VerifyOrderClosedButton" tests="1" failures="0" timestamp="31 Jan 2018 06:57:00 GMT" time="37.518" errors="0">
  <testcase name="verifyOrderClosedButtonFunctionality" time="37.518" classname="c2info_OrderBuk_NewItemPutOnHoldTCs.TC_005_VerifyOrderClosedButton"/>
</testsuite> <!-- c2info_OrderBuk_NewItemPutOnHoldTCs.TC_005_VerifyOrderClosedButton -->
