<?xml version="1.0" encoding="UTF-8"?>
<!-- Generated by org.testng.reporters.JUnitReportReporter -->
<testsuite skipped="0" hostname="ChethanBidare-pc" name="c2info_OrderBuk_CustConfirmedveriPendingTCs.TC_008_VerifyNewItemRequestFunctionality" tests="1" failures="0" timestamp="03 Sep 2018 05:45:13 GMT" time="39.811" errors="0">
  <testcase name="verifyNewItemRequest" time="39.811" classname="c2info_OrderBuk_CustConfirmedveriPendingTCs.TC_008_VerifyNewItemRequestFunctionality"/>
</testsuite> <!-- c2info_OrderBuk_CustConfirmedveriPendingTCs.TC_008_VerifyNewItemRequestFunctionality -->
