<?xml version="1.0" encoding="UTF-8"?>
<!-- Generated by org.testng.reporters.JUnitReportReporter -->
<testsuite skipped="0" hostname="ChethanBidare-pc" name="c2info_OrderBuk_OrderSentToServerTCs.TC_009_VerifyFooterModeOfDelivery" tests="1" failures="0" timestamp="24 Jan 2018 10:07:42 GMT" time="12.818" errors="0">
  <testcase name="verifyFooterModeOfDelivery" time="12.818" classname="c2info_OrderBuk_OrderSentToServerTCs.TC_009_VerifyFooterModeOfDelivery"/>
</testsuite> <!-- c2info_OrderBuk_OrderSentToServerTCs.TC_009_VerifyFooterModeOfDelivery -->
