<?xml version="1.0" encoding="UTF-8"?>
<!-- Generated by org.testng.reporters.JUnitReportReporter -->
<testsuite skipped="0" hostname="ChethanBidare-pc" name="c2info_OrderBuk_SupportCancelledTCs.TC_001_VerifyInvalidPrescFromTBV" tests="1" failures="0" timestamp="31 Jan 2018 06:57:00 GMT" time="42.623" errors="0">
  <testcase name="verifyInvalidPrescFromTBV" time="42.623" classname="c2info_OrderBuk_SupportCancelledTCs.TC_001_VerifyInvalidPrescFromTBV"/>
</testsuite> <!-- c2info_OrderBuk_SupportCancelledTCs.TC_001_VerifyInvalidPrescFromTBV -->
