<?xml version="1.0" encoding="UTF-8"?>
<!-- Generated by org.testng.reporters.JUnitReportReporter -->
<testsuite skipped="0" hostname="ChethanBidare-pc" name="c2info_OrderBuk_OrderSentToServerTCs.TC_001_VerifyDetailsExistance" tests="8" failures="1" timestamp="23 Jan 2018 11:45:35 GMT" time="8.385" errors="0">
  <testcase name="verifyOrderIDIsNotNull" time="8.168" classname="c2info_OrderBuk_OrderSentToServerTCs.TC_001_VerifyDetailsExistance"/>
  <testcase name="verifyCustomerNameIsNotNull" time="0.034" classname="c2info_OrderBuk_OrderSentToServerTCs.TC_001_VerifyDetailsExistance"/>
  <testcase name="verifyCustomerNumIsNotNull" time="0.031" classname="c2info_OrderBuk_OrderSentToServerTCs.TC_001_VerifyDetailsExistance"/>
  <testcase name="verifyHeaderAmtIsNotNull" time="0.031" classname="c2info_OrderBuk_OrderSentToServerTCs.TC_001_VerifyDetailsExistance"/>
  <testcase name="verifyHeaderMOPIsNotNull" time="0.032" classname="c2info_OrderBuk_OrderSentToServerTCs.TC_001_VerifyDetailsExistance">
    <failure type="java.lang.AssertionError" message="null">
      <![CDATA[java.lang.AssertionError: null
	at org.testng.Assert.fail(Assert.java:93)
	at org.testng.Assert.assertNotEquals(Assert.java:897)
	at org.testng.Assert.assertNotEquals(Assert.java:902)
	at c2info_OrderBuk_OrderSentToServerTCs.TC_001_VerifyDetailsExistance.verifyHeaderMOPIsNotNull(TC_001_VerifyDetailsExistance.java:77)
	at sun.reflect.NativeMethodAccessorImpl.invoke0(Native Method)
	at sun.reflect.NativeMethodAccessorImpl.invoke(NativeMethodAccessorImpl.java:62)
	at sun.reflect.DelegatingMethodAccessorImpl.invoke(DelegatingMethodAccessorImpl.java:43)
	at java.lang.reflect.Method.invoke(Method.java:498)
	at org.testng.internal.MethodInvocationHelper.invokeMethod(MethodInvocationHelper.java:108)
	at org.testng.internal.Invoker.invokeMethod(Invoker.java:669)
	at org.testng.internal.Invoker.invokeTestMethod(Invoker.java:877)
	at org.testng.internal.Invoker.invokeTestMethods(Invoker.java:1201)
	at org.testng.internal.TestMethodWorker.invokeTestMethods(TestMethodWorker.java:125)
	at org.testng.internal.TestMethodWorker.run(TestMethodWorker.java:109)
	at org.testng.TestRunner.privateRun(TestRunner.java:776)
	at org.testng.TestRunner.run(TestRunner.java:634)
	at org.testng.SuiteRunner.runTest(SuiteRunner.java:425)
	at org.testng.SuiteRunner.runSequentially(SuiteRunner.java:420)
	at org.testng.SuiteRunner.privateRun(SuiteRunner.java:385)
	at org.testng.SuiteRunner.run(SuiteRunner.java:334)
	at org.testng.SuiteRunnerWorker.runSuite(SuiteRunnerWorker.java:52)
	at org.testng.SuiteRunnerWorker.run(SuiteRunnerWorker.java:86)
	at org.testng.TestNG.runSuitesSequentially(TestNG.java:1318)
	at org.testng.TestNG.runSuitesLocally(TestNG.java:1243)
	at org.testng.TestNG.runSuites(TestNG.java:1161)
	at org.testng.TestNG.run(TestNG.java:1129)
	at org.testng.remote.AbstractRemoteTestNG.run(AbstractRemoteTestNG.java:114)
	at org.testng.remote.RemoteTestNG.initAndRun(RemoteTestNG.java:251)
	at org.testng.remote.RemoteTestNG.main(RemoteTestNG.java:77)
]]>
    </failure>
  </testcase> <!-- verifyHeaderMOPIsNotNull -->
  <testcase name="verifyHeaderModeOfDeliveryIsNotNull" time="0.037" classname="c2info_OrderBuk_OrderSentToServerTCs.TC_001_VerifyDetailsExistance"/>
  <testcase name="verifyShippingAddressIsNotNull" time="0.032" classname="c2info_OrderBuk_OrderSentToServerTCs.TC_001_VerifyDetailsExistance"/>
  <testcase name="verifyBillingAddressIsNotNull" time="0.020" classname="c2info_OrderBuk_OrderSentToServerTCs.TC_001_VerifyDetailsExistance"/>
</testsuite> <!-- c2info_OrderBuk_OrderSentToServerTCs.TC_001_VerifyDetailsExistance -->
