<?xml version="1.0" encoding="UTF-8"?>
<!-- Generated by org.testng.reporters.JUnitReportReporter -->
<testsuite skipped="0" hostname="ChethanBidare-pc" name="c2info_OrderBuk_SupportCancelledTCs.TC_002_VerifyInvalidOrderFromTBV" tests="1" failures="0" timestamp="29 Jan 2018 11:04:49 GMT" time="24.737" errors="0">
  <testcase name="verifyInvalidOrder" time="24.737" classname="c2info_OrderBuk_SupportCancelledTCs.TC_002_VerifyInvalidOrderFromTBV"/>
</testsuite> <!-- c2info_OrderBuk_SupportCancelledTCs.TC_002_VerifyInvalidOrderFromTBV -->
