<?xml version="1.0" encoding="UTF-8"?>
<!-- Generated by org.testng.reporters.JUnitReportReporter -->
<testsuite hostname="Arbiya-Maitems" name="c2info_OrderBuk_OrderInvoicedTCs.TC_009_VerifyDownloadPDFButton" tests="1" failures="0" timestamp="25 Jan 2018 09:55:27 GMT" time="187.627" errors="0">
  <testcase name="verifyDownloadButton" time="187.627" classname="c2info_OrderBuk_OrderInvoicedTCs.TC_009_VerifyDownloadPDFButton"/>
</testsuite> <!-- c2info_OrderBuk_OrderInvoicedTCs.TC_009_VerifyDownloadPDFButton -->
