<?xml version="1.0" encoding="UTF-8"?>
<!-- Generated by org.testng.reporters.JUnitReportReporter -->
<testsuite skipped="0" hostname="ChethanBidare-pc" name="c2info_OrderBuk_SupportCancelledTCs.TC_005_VerifyCancelButtonFromRFO" tests="1" failures="0" timestamp="31 Jan 2018 06:57:00 GMT" time="34.101" errors="0">
  <testcase name="verifyCancelButtonFromRFO" time="34.101" classname="c2info_OrderBuk_SupportCancelledTCs.TC_005_VerifyCancelButtonFromRFO"/>
</testsuite> <!-- c2info_OrderBuk_SupportCancelledTCs.TC_005_VerifyCancelButtonFromRFO -->
