<?xml version="1.0" encoding="UTF-8"?>
<!-- Generated by org.testng.reporters.JUnitReportReporter -->
<testsuite skipped="0" hostname="ChethanBidare-pc" name="c2info_OrderBuk_ReadyForOrderTCs.TC_005_VerifyConfirmBtn" tests="1" failures="0" timestamp="18 Jan 2018 09:59:45 GMT" time="13.195" errors="0">
  <testcase name="verifyConfirmButtonFunctionality" time="13.195" classname="c2info_OrderBuk_ReadyForOrderTCs.TC_005_VerifyConfirmBtn"/>
</testsuite> <!-- c2info_OrderBuk_ReadyForOrderTCs.TC_005_VerifyConfirmBtn -->
