<?xml version="1.0" encoding="UTF-8"?>
<!-- Generated by org.testng.reporters.JUnitReportReporter -->
<testsuite skipped="0" hostname="ChethanBidare-pc" name="c2info_OrderBuk_DashboardTCs.TC_006_VerifySearchFunctionailtyInAllBuckets" tests="1" failures="0" timestamp="30 Jan 2018 05:00:40 GMT" time="479.311" errors="0">
  <testcase name="verifySearchFunctionality" time="479.311" classname="c2info_OrderBuk_DashboardTCs.TC_006_VerifySearchFunctionailtyInAllBuckets"/>
</testsuite> <!-- c2info_OrderBuk_DashboardTCs.TC_006_VerifySearchFunctionailtyInAllBuckets -->
