<?xml version="1.0" encoding="UTF-8"?>
<!-- Generated by org.testng.reporters.JUnitReportReporter -->
<testsuite skipped="0" hostname="ChethanBidare-pc" name="c2info_OrderBuk_CustConfirmedveriPendingTCs.TC_004_VerifyCustomerDetailsExistence" tests="1" failures="0" timestamp="19 Jan 2018 06:50:38 GMT" time="10.088" errors="0">
  <testcase name="verifyOrderIDIsNotNull" time="10.088" classname="c2info_OrderBuk_CustConfirmedveriPendingTCs.TC_004_VerifyCustomerDetailsExistence"/>
</testsuite> <!-- c2info_OrderBuk_CustConfirmedveriPendingTCs.TC_004_VerifyCustomerDetailsExistence -->
