<?xml version="1.0" encoding="UTF-8"?>
<!-- Generated by org.testng.reporters.JUnitReportReporter -->
<testsuite skipped="0" hostname="ChethanBidare-pc" name="c2info_OrderBuk_ToBeVerifiedTCs.TC_003_VerifyValidButton" tests="1" failures="0" timestamp="29 Jan 2018 11:04:49 GMT" time="10.466" errors="0">
  <testcase name="verifyValidButtonInPrescriptionPage" time="10.466" classname="c2info_OrderBuk_ToBeVerifiedTCs.TC_003_VerifyValidButton"/>
</testsuite> <!-- c2info_OrderBuk_ToBeVerifiedTCs.TC_003_VerifyValidButton -->
