<?xml version="1.0" encoding="UTF-8"?>
<!-- Generated by org.testng.reporters.JUnitReportReporter -->
<testsuite skipped="0" hostname="ChethanBidare-pc" name="c2info_OrderBuk_SupportCancelledTCs.TC_007_VerifyOrderHistoryButton" tests="1" failures="0" timestamp="31 Jan 2018 06:57:00 GMT" time="22.923" errors="0">
  <testcase name="verifyOrderhistorybutton" time="22.923" classname="c2info_OrderBuk_SupportCancelledTCs.TC_007_VerifyOrderHistoryButton"/>
</testsuite> <!-- c2info_OrderBuk_SupportCancelledTCs.TC_007_VerifyOrderHistoryButton -->
