<?xml version="1.0" encoding="UTF-8"?>
<!-- Generated by org.testng.reporters.JUnitReportReporter -->
<testsuite skipped="0" hostname="ChethanBidare-pc" name="c2info_OrderBuk_ToBeVerifiedTCs.TC_002_VerifyImageExistanceInPrescriptionPage" tests="1" failures="0" timestamp="05 Jan 2018 11:42:16 GMT" time="14.123" errors="0">
  <testcase name="verifyImageInPrescriptionPage" time="14.123" classname="c2info_OrderBuk_ToBeVerifiedTCs.TC_002_VerifyImageExistanceInPrescriptionPage"/>
</testsuite> <!-- c2info_OrderBuk_ToBeVerifiedTCs.TC_002_VerifyImageExistanceInPrescriptionPage -->
