<?xml version="1.0" encoding="UTF-8"?>
<!-- Generated by org.testng.reporters.JUnitReportReporter -->
<testsuite skipped="0" hostname="ChethanBidare-pc" name="c2info_OrderBuk_ToBeVerifiedTCs.TC_002_VerifyImageExistance" tests="1" failures="0" timestamp="19 Jan 2018 06:50:38 GMT" time="10.686" errors="0">
  <testcase name="verifyImageInPrescriptionPage" time="10.686" classname="c2info_OrderBuk_ToBeVerifiedTCs.TC_002_VerifyImageExistance"/>
</testsuite> <!-- c2info_OrderBuk_ToBeVerifiedTCs.TC_002_VerifyImageExistance -->
