<?xml version="1.0" encoding="UTF-8"?>
<!-- Generated by org.testng.reporters.JUnitReportReporter -->
<testsuite skipped="0" hostname="ChethanBidare-pc" name="c2info_OrderBuk_OrderSentToServerTCs.TC_001_VerifyDetailsExistance" tests="1" failures="0" timestamp="29 Jan 2018 11:04:49 GMT" time="7.934" errors="0">
  <testcase name="verifyOrderIDIsNotNull" time="7.934" classname="c2info_OrderBuk_OrderSentToServerTCs.TC_001_VerifyDetailsExistance"/>
</testsuite> <!-- c2info_OrderBuk_OrderSentToServerTCs.TC_001_VerifyDetailsExistance -->
