<?xml version="1.0" encoding="UTF-8"?>
<!-- Generated by org.testng.reporters.JUnitReportReporter -->
<testsuite skipped="0" hostname="ChethanBidare-pc" name="c2info_OrderBuk_CustConfirmedveriPendingTCs.TC_005_VerifyInvalidOrderFunctionality" tests="1" failures="0" timestamp="31 Jan 2018 06:57:00 GMT" time="56.351" errors="0">
  <testcase name="verifyCancelButtonFunctionality" time="56.351" classname="c2info_OrderBuk_CustConfirmedveriPendingTCs.TC_005_VerifyInvalidOrderFunctionality"/>
</testsuite> <!-- c2info_OrderBuk_CustConfirmedveriPendingTCs.TC_005_VerifyInvalidOrderFunctionality -->
