<?xml version="1.0" encoding="UTF-8"?>
<!-- Generated by org.testng.reporters.JUnitReportReporter -->
<testsuite skipped="0" hostname="ChethanBidare-pc" name="c2info_OrderBuk_CustConfirmedveriPendingTCs.TC_002_VerifyValidButton" tests="1" failures="0" timestamp="19 Jan 2018 06:50:38 GMT" time="14.127" errors="0">
  <testcase name="verifyValidButtonInPrescriptionPage" time="14.127" classname="c2info_OrderBuk_CustConfirmedveriPendingTCs.TC_002_VerifyValidButton"/>
</testsuite> <!-- c2info_OrderBuk_CustConfirmedveriPendingTCs.TC_002_VerifyValidButton -->
