<?xml version="1.0" encoding="UTF-8"?>
<!-- Generated by org.testng.reporters.JUnitReportReporter -->
<testsuite skipped="0" hostname="ChethanBidare-pc" name="c2info_OrderBuk_SupportCancelledTCs.TC_001_VerifyInvalidPrescFromTBV" tests="1" failures="0" timestamp="29 Jan 2018 11:04:49 GMT" time="22.422" errors="0">
  <testcase name="verifyInvalidPrescFromTBV" time="22.422" classname="c2info_OrderBuk_SupportCancelledTCs.TC_001_VerifyInvalidPrescFromTBV"/>
</testsuite> <!-- c2info_OrderBuk_SupportCancelledTCs.TC_001_VerifyInvalidPrescFromTBV -->
