<?xml version="1.0" encoding="UTF-8"?>
<!-- Generated by org.testng.reporters.JUnitReportReporter -->
<testsuite skipped="0" hostname="ChethanBidare-pc" name="c2info_OrderBuk_DashboardTCs.TC_005_Verify_MenuSliderIcons" tests="1" failures="0" timestamp="19 Jan 2018 06:50:38 GMT" time="6.209" errors="0">
  <testcase name="verifyDashboardLinkInMenuSlider" time="6.209" classname="c2info_OrderBuk_DashboardTCs.TC_005_Verify_MenuSliderIcons"/>
</testsuite> <!-- c2info_OrderBuk_DashboardTCs.TC_005_Verify_MenuSliderIcons -->
