<?xml version="1.0" encoding="UTF-8"?>
<!-- Generated by org.testng.reporters.JUnitReportReporter -->
<testsuite skipped="0" hostname="ChethanBidare-pc" name="c2info_OrderBuk_NewItemPutOnHoldTCs.TC_005_VerifyOrderClosedButton" tests="1" failures="0" timestamp="29 Jan 2018 11:04:49 GMT" time="22.751" errors="0">
  <testcase name="verifyOrderClosedButtonFunctionality" time="22.751" classname="c2info_OrderBuk_NewItemPutOnHoldTCs.TC_005_VerifyOrderClosedButton"/>
</testsuite> <!-- c2info_OrderBuk_NewItemPutOnHoldTCs.TC_005_VerifyOrderClosedButton -->
