<?xml version="1.0" encoding="UTF-8"?>
<!-- Generated by org.testng.reporters.JUnitReportReporter -->
<testsuite skipped="0" hostname="ChethanBidare-pc" name="c2info_OrderBuk_CustConfirmedveriPendingTCs.TC_006_VerifySubmitOrderFunctionality" tests="1" failures="0" timestamp="29 Jan 2018 11:04:49 GMT" time="23.530" errors="0">
  <testcase name="verifySubmitOrderFunctionality" time="23.530" classname="c2info_OrderBuk_CustConfirmedveriPendingTCs.TC_006_VerifySubmitOrderFunctionality"/>
</testsuite> <!-- c2info_OrderBuk_CustConfirmedveriPendingTCs.TC_006_VerifySubmitOrderFunctionality -->
