<?xml version="1.0" encoding="UTF-8"?>
<!-- Generated by org.testng.reporters.JUnitReportReporter -->
<testsuite hostname="Arbiya-Maitems" name="c2info_OrderBuk_ReadyForOrderTCs.TC_010_VerifyBySelectingOnly1Item" tests="1" failures="0" timestamp="4 Feb 2018 16:45:03 GMT" time="48.946" errors="0">
  <testcase name="verifyBySelectingOnly1Item" time="48.946" classname="c2info_OrderBuk_ReadyForOrderTCs.TC_010_VerifyBySelectingOnly1Item"/>
</testsuite> <!-- c2info_OrderBuk_ReadyForOrderTCs.TC_010_VerifyBySelectingOnly1Item -->
