<?xml version="1.0" encoding="UTF-8"?>
<!-- Generated by org.testng.reporters.JUnitReportReporter -->
<testsuite skipped="0" hostname="ChethanBidare-pc" name="c2info_OrderBuk_ReadyForOrderTCs.TC_003_VerifySubTotalwithItemWiseAmt" tests="1" failures="0" timestamp="31 Jan 2018 06:57:00 GMT" time="36.520" errors="0">
  <testcase name="verifySubTotalAmt" time="36.520" classname="c2info_OrderBuk_ReadyForOrderTCs.TC_003_VerifySubTotalwithItemWiseAmt"/>
</testsuite> <!-- c2info_OrderBuk_ReadyForOrderTCs.TC_003_VerifySubTotalwithItemWiseAmt -->
