<?xml version="1.0" encoding="UTF-8"?>
<!-- Generated by org.testng.reporters.JUnitReportReporter -->
<testsuite skipped="0" hostname="ChethanBidare-pc" name="c2info_OrderBuk_ReadyForOrderTCs.TC_001_VerifyItemsAddedFromTBV" tests="1" failures="0" timestamp="18 Jan 2018 06:18:43 GMT" time="60.759" errors="0">
  <testcase name="verifyItemsAddedInTBV" time="60.759" classname="c2info_OrderBuk_ReadyForOrderTCs.TC_001_VerifyItemsAddedFromTBV"/>
</testsuite> <!-- c2info_OrderBuk_ReadyForOrderTCs.TC_001_VerifyItemsAddedFromTBV -->
