<?xml version="1.0" encoding="UTF-8"?>
<!-- Generated by org.testng.reporters.JUnitReportReporter -->
<testsuite hostname="Arbiya-Maitems" name="c2info_OrderBuk_OrderInvoicedTCs.TC_005_VerifySumOfSubTotalsWithGrandSubTotal" tests="1" failures="0" timestamp="25 Jan 2018 10:10:40 GMT" time="61.266" errors="0">
  <testcase name="verifySumOfSubTotalsWithGrandSubTotal" time="61.266" classname="c2info_OrderBuk_OrderInvoicedTCs.TC_005_VerifySumOfSubTotalsWithGrandSubTotal"/>
</testsuite> <!-- c2info_OrderBuk_OrderInvoicedTCs.TC_005_VerifySumOfSubTotalsWithGrandSubTotal -->
