<?xml version="1.0" encoding="UTF-8"?>
<!-- Generated by org.testng.reporters.JUnitReportReporter -->
<testsuite hostname="Arbiya-Maitems" name="c2info_OrderBuk_DashboardTCs.TC_006_VerifySearchFunctionailtyInAllBuckets" tests="1" failures="0" timestamp="27 Jan 2018 14:32:05 GMT" time="325.123" errors="0">
  <testcase name="verifySearchFunctionality" time="325.123" classname="c2info_OrderBuk_DashboardTCs.TC_006_VerifySearchFunctionailtyInAllBuckets"/>
</testsuite> <!-- c2info_OrderBuk_DashboardTCs.TC_006_VerifySearchFunctionailtyInAllBuckets -->
