<?xml version="1.0" encoding="UTF-8"?>
<!-- Generated by org.testng.reporters.JUnitReportReporter -->
<testsuite skipped="0" hostname="ChethanBidare-pc" name="c2info_OrderBuk_ToBeVerifiedTCs.TC_004_VerifyInvalidButton" tests="1" failures="0" timestamp="29 Jan 2018 11:04:49 GMT" time="8.911" errors="0">
  <testcase name="verifyInvalidButton" time="8.911" classname="c2info_OrderBuk_ToBeVerifiedTCs.TC_004_VerifyInvalidButton"/>
</testsuite> <!-- c2info_OrderBuk_ToBeVerifiedTCs.TC_004_VerifyInvalidButton -->
