<?xml version="1.0" encoding="UTF-8"?>
<!-- Generated by org.testng.reporters.JUnitReportReporter -->
<testsuite skipped="0" hostname="ChethanBidare-pc" name="c2info_OrderBuk_CustConfirmedveriPendingTCs.TC_002_VerifyValidButton" tests="1" failures="0" timestamp="03 Sep 2018 05:45:13 GMT" time="14.569" errors="0">
  <testcase name="verifyValidButtonInPrescriptionPage" time="14.569" classname="c2info_OrderBuk_CustConfirmedveriPendingTCs.TC_002_VerifyValidButton"/>
</testsuite> <!-- c2info_OrderBuk_CustConfirmedveriPendingTCs.TC_002_VerifyValidButton -->
