<?xml version="1.0" encoding="UTF-8"?>
<!-- Generated by org.testng.reporters.JUnitReportReporter -->
<testsuite skipped="0" hostname="ChethanBidare-pc" name="c2info_OrderBuk_OrderSentToServerTCs.TC_007_VerifyGrandTotal" tests="1" failures="0" timestamp="31 Jan 2018 06:57:00 GMT" time="35.466" errors="0">
  <testcase name="verifySumOfSubTotalsWithGrandSubTotal" time="35.466" classname="c2info_OrderBuk_OrderSentToServerTCs.TC_007_VerifyGrandTotal"/>
</testsuite> <!-- c2info_OrderBuk_OrderSentToServerTCs.TC_007_VerifyGrandTotal -->
