<?xml version="1.0" encoding="UTF-8"?>
<!-- Generated by org.testng.reporters.JUnitReportReporter -->
<testsuite skipped="0" hostname="ChethanBidare-pc" name="c2info_OrderBuk_ToBeVerifiedTCs.TC_001_VerifyInvalidOrder" tests="1" failures="0" timestamp="03 Sep 2018 05:45:13 GMT" time="19.085" errors="0">
  <testcase name="verifyInvalidOrder" time="19.085" classname="c2info_OrderBuk_ToBeVerifiedTCs.TC_001_VerifyInvalidOrder"/>
</testsuite> <!-- c2info_OrderBuk_ToBeVerifiedTCs.TC_001_VerifyInvalidOrder -->
