<?xml version="1.0" encoding="UTF-8"?>
<!-- Generated by org.testng.reporters.JUnitReportReporter -->
<testsuite skipped="0" hostname="ChethanBidare-pc" name="c2info_OrderBuk_NewItemPutOnHoldTCs.TC_004_VerifyOrderHistoryButton" tests="1" failures="0" timestamp="31 Jan 2018 06:57:00 GMT" time="25.512" errors="0">
  <testcase name="verifyOrderhistorybutton" time="25.512" classname="c2info_OrderBuk_NewItemPutOnHoldTCs.TC_004_VerifyOrderHistoryButton"/>
</testsuite> <!-- c2info_OrderBuk_NewItemPutOnHoldTCs.TC_004_VerifyOrderHistoryButton -->
