<?xml version="1.0" encoding="UTF-8"?>
<!-- Generated by org.testng.reporters.JUnitReportReporter -->
<testsuite skipped="0" hostname="ChethanBidare-pc" name="c2info_OrderBuk_DeliveredTCs.TC_005_VerifySumOfSubTotalsWithGrandSubTotal" tests="1" failures="0" timestamp="31 Jan 2018 06:57:00 GMT" time="22.669" errors="0">
  <testcase name="verifySumOfSubTotalsWithGrandSubTotal" time="22.669" classname="c2info_OrderBuk_DeliveredTCs.TC_005_VerifySumOfSubTotalsWithGrandSubTotal"/>
</testsuite> <!-- c2info_OrderBuk_DeliveredTCs.TC_005_VerifySumOfSubTotalsWithGrandSubTotal -->
