<?xml version="1.0" encoding="UTF-8"?>
<!-- Generated by org.testng.reporters.JUnitReportReporter -->
<testsuite skipped="0" hostname="ChethanBidare-pc" name="c2info_OrderBuk_DashboardTCs.TC_004_Verify_UserName" tests="1" failures="0" timestamp="04 Sep 2018 04:21:11 GMT" time="10.741" errors="0">
  <testcase name="verifyUserName" time="10.741" classname="c2info_OrderBuk_DashboardTCs.TC_004_Verify_UserName"/>
</testsuite> <!-- c2info_OrderBuk_DashboardTCs.TC_004_Verify_UserName -->
