<?xml version="1.0" encoding="UTF-8"?>
<!-- Generated by org.testng.reporters.JUnitReportReporter -->
<testsuite skipped="0" hostname="ChethanBidare-pc" name="c2info_OrderBuk_NewItemPutOnHoldTCs.TC_005_VerifyOrderClosedButton" tests="2" failures="0" timestamp="23 Jan 2018 07:17:53 GMT" time="39.616" errors="0">
  <testcase name="verifyOrderClosedButtonFunctionality" time="22.098" classname="c2info_OrderBuk_NewItemPutOnHoldTCs.TC_005_VerifyOrderClosedButton"/>
  <testcase name="verifyOrderClosedButtonMsg" time="17.518" classname="c2info_OrderBuk_NewItemPutOnHoldTCs.TC_005_VerifyOrderClosedButton"/>
</testsuite> <!-- c2info_OrderBuk_NewItemPutOnHoldTCs.TC_005_VerifyOrderClosedButton -->
