<?xml version="1.0" encoding="UTF-8"?>
<!-- Generated by org.testng.reporters.JUnitReportReporter -->
<testsuite skipped="0" hostname="ChethanBidare-pc" name="c2info_OrderBuk_CustConfirmedveriPendingTCs.TC_009_VerifyNewItemRequestSuccessMsg" tests="1" failures="0" timestamp="29 Jan 2018 11:04:49 GMT" time="41.922" errors="0">
  <testcase name="verifyNewItemRequestSuccessMsg" time="41.922" classname="c2info_OrderBuk_CustConfirmedveriPendingTCs.TC_009_VerifyNewItemRequestSuccessMsg"/>
</testsuite> <!-- c2info_OrderBuk_CustConfirmedveriPendingTCs.TC_009_VerifyNewItemRequestSuccessMsg -->
