<?xml version="1.0" encoding="UTF-8"?>
<!-- Generated by org.testng.reporters.JUnitReportReporter -->
<testsuite skipped="0" hostname="ChethanBidare-pc" name="c2info_OrderBuk_NewItemPutOnHoldTCs.TC_003_VerifyViewPrescriptionButton" tests="1" failures="0" timestamp="29 Jan 2018 11:04:49 GMT" time="92.484" errors="0">
  <testcase name="verifyPrescriptionButton" time="92.484" classname="c2info_OrderBuk_NewItemPutOnHoldTCs.TC_003_VerifyViewPrescriptionButton"/>
</testsuite> <!-- c2info_OrderBuk_NewItemPutOnHoldTCs.TC_003_VerifyViewPrescriptionButton -->
