<?xml version="1.0" encoding="UTF-8"?>
<!-- Generated by org.testng.reporters.JUnitReportReporter -->
<testsuite hostname="Arbiya-Maitems" name="c2info_OrderBuk_ReadyForOrderTCs.TC_009_VerifyByAddingItemsInRFO" tests="1" failures="0" timestamp="4 Feb 2018 17:07:37 GMT" time="29.300" errors="0">
  <testcase name="verifyByAddingItems" time="29.300" classname="c2info_OrderBuk_ReadyForOrderTCs.TC_009_VerifyByAddingItemsInRFO"/>
</testsuite> <!-- c2info_OrderBuk_ReadyForOrderTCs.TC_009_VerifyByAddingItemsInRFO -->
