<?xml version="1.0" encoding="UTF-8"?>
<!-- Generated by org.testng.reporters.JUnitReportReporter -->
<testsuite skipped="0" hostname="ChethanBidare-pc" name="c2info_OrderBuk_DashboardTCs.TC_005_Verify_MenuSliderIcons" tests="1" failures="0" timestamp="31 Jan 2018 06:57:00 GMT" time="13.628" errors="0">
  <testcase name="verifyDashboardLinkInMenuSlider" time="13.628" classname="c2info_OrderBuk_DashboardTCs.TC_005_Verify_MenuSliderIcons"/>
</testsuite> <!-- c2info_OrderBuk_DashboardTCs.TC_005_Verify_MenuSliderIcons -->
