<?xml version="1.0" encoding="UTF-8"?>
<!-- Generated by org.testng.reporters.JUnitReportReporter -->
<testsuite skipped="0" hostname="ChethanBidare-pc" name="c2info_OrderBuk_DashboardTCs.TC_003_VerifyLogOut" tests="1" failures="0" timestamp="19 Jan 2018 06:50:38 GMT" time="70.806" errors="0">
  <testcase name="verifyLogoutInDashboard" time="70.806" classname="c2info_OrderBuk_DashboardTCs.TC_003_VerifyLogOut"/>
</testsuite> <!-- c2info_OrderBuk_DashboardTCs.TC_003_VerifyLogOut -->
