<?xml version="1.0" encoding="UTF-8"?>
<!-- Generated by org.testng.reporters.JUnitReportReporter -->
<testsuite skipped="0" hostname="ChethanBidare-pc" name="c2info_OrderBuk_LoginTest.TC_001_LoginTestWithValidData" tests="3" failures="0" timestamp="04 Sep 2018 05:45:57 GMT" time="24.711" errors="0">
  <testcase name="loginWithInvalidUserName" time="8.486" classname="c2info_OrderBuk_LoginTest.TC_001_LoginTestWithValidData"/>
  <testcase name="loginWithInvalidPWD" time="5.366" classname="c2info_OrderBuk_LoginTest.TC_001_LoginTestWithValidData"/>
  <testcase name="loginWithValidData" time="10.859" classname="c2info_OrderBuk_LoginTest.TC_001_LoginTestWithValidData"/>
</testsuite> <!-- c2info_OrderBuk_LoginTest.TC_001_LoginTestWithValidData -->
