<?xml version="1.0" encoding="UTF-8"?>
<!-- Generated by org.testng.reporters.JUnitReportReporter -->
<testsuite hostname="Arbiya-Maitems" name="c2info_OrderBuk_DeliveredTCs.TC_005_VerifySumOfSubTotalsWithGrandSubTotal" tests="1" failures="0" timestamp="25 Jan 2018 13:18:36 GMT" time="23.303" errors="0">
  <testcase name="verifySumOfSubTotalsWithGrandSubTotal" time="23.303" classname="c2info_OrderBuk_DeliveredTCs.TC_005_VerifySumOfSubTotalsWithGrandSubTotal"/>
</testsuite> <!-- c2info_OrderBuk_DeliveredTCs.TC_005_VerifySumOfSubTotalsWithGrandSubTotal -->
