<?xml version="1.0" encoding="UTF-8"?>
<!-- Generated by org.testng.reporters.JUnitReportReporter -->
<testsuite skipped="0" hostname="ChethanBidare-pc" name="c2info_OrderBuk_OrderSentToServerTCs.TC_004_VerifyOrderClosedButton" tests="1" failures="0" timestamp="29 Jan 2018 11:04:49 GMT" time="21.248" errors="0">
  <testcase name="verifyOrderClosedButtonFunctionality" time="21.248" classname="c2info_OrderBuk_OrderSentToServerTCs.TC_004_VerifyOrderClosedButton"/>
</testsuite> <!-- c2info_OrderBuk_OrderSentToServerTCs.TC_004_VerifyOrderClosedButton -->
