<?xml version="1.0" encoding="UTF-8"?>
<!-- Generated by org.testng.reporters.JUnitReportReporter -->
<testsuite skipped="0" hostname="ChethanBidare-pc" name="c2info_OrderBuk_CustConfirmedveriPendingTCs.TC_006_VerifySubmitOrderFunctionality" tests="1" failures="0" timestamp="20 Jan 2018 10:19:48 GMT" time="26.076" errors="0">
  <testcase name="verifySubmitOrderFunctionality" time="26.076" classname="c2info_OrderBuk_CustConfirmedveriPendingTCs.TC_006_VerifySubmitOrderFunctionality"/>
</testsuite> <!-- c2info_OrderBuk_CustConfirmedveriPendingTCs.TC_006_VerifySubmitOrderFunctionality -->
