<?xml version="1.0" encoding="UTF-8"?>
<!-- Generated by org.testng.reporters.JUnitReportReporter -->
<testsuite skipped="0" hostname="ChethanBidare-pc" name="c2info_OrderBuk_OrderSentToServerTCs.TC_005_VerifySumOfItemsWithGrandTotal" tests="1" failures="0" timestamp="24 Jan 2018 06:22:34 GMT" time="17.176" errors="0">
  <testcase name="verifySumOfItemsWithGrandTotal" time="17.176" classname="c2info_OrderBuk_OrderSentToServerTCs.TC_005_VerifySumOfItemsWithGrandTotal"/>
</testsuite> <!-- c2info_OrderBuk_OrderSentToServerTCs.TC_005_VerifySumOfItemsWithGrandTotal -->
