<?xml version="1.0" encoding="UTF-8"?>
<!-- Generated by org.testng.reporters.JUnitReportReporter -->
<testsuite skipped="0" hostname="ChethanBidare-pc" name="c2info_OrderBuk_ReadyForOrderTCs.TC_004_VerifyGrandTotalAmt" tests="1" failures="0" timestamp="18 Jan 2018 09:03:26 GMT" time="18.038" errors="0">
  <testcase name="verifyGrandTotal" time="18.038" classname="c2info_OrderBuk_ReadyForOrderTCs.TC_004_VerifyGrandTotalAmt"/>
</testsuite> <!-- c2info_OrderBuk_ReadyForOrderTCs.TC_004_VerifyGrandTotalAmt -->
