<?xml version="1.0" encoding="UTF-8"?>
<!-- Generated by org.testng.reporters.JUnitReportReporter -->
<testsuite skipped="0" hostname="ChethanBidare-pc" name="c2info_OrderBuk_CustConfirmedveriPendingTCs.TC_004_VerifyCustomerDetailsExistence" tests="4" failures="0" timestamp="03 Sep 2018 05:45:13 GMT" time="20.431" errors="0">
  <testcase name="verifyOrderIDIsNotNull" time="20.334" classname="c2info_OrderBuk_CustConfirmedveriPendingTCs.TC_004_VerifyCustomerDetailsExistence"/>
  <testcase name="verifyCustomerNameIsNotNull" time="0.031" classname="c2info_OrderBuk_CustConfirmedveriPendingTCs.TC_004_VerifyCustomerDetailsExistence"/>
  <testcase name="verifyCustomerNumberIsNotNull" time="0.031" classname="c2info_OrderBuk_CustConfirmedveriPendingTCs.TC_004_VerifyCustomerDetailsExistence"/>
  <testcase name="verifyShippingAddressIsNotNull" time="0.035" classname="c2info_OrderBuk_CustConfirmedveriPendingTCs.TC_004_VerifyCustomerDetailsExistence"/>
</testsuite> <!-- c2info_OrderBuk_CustConfirmedveriPendingTCs.TC_004_VerifyCustomerDetailsExistence -->
