<?xml version="1.0" encoding="UTF-8"?>
<!-- Generated by org.testng.reporters.JUnitReportReporter -->
<testsuite skipped="0" hostname="ChethanBidare-pc" name="c2info_OrderBuk_IntegrationSuiteTCs.TC_004_VerifyItemNamesAndQtyFromRFOtoOC" tests="1" failures="0" timestamp="06 Feb 2018 05:01:34 GMT" time="100.449" errors="0">
  <testcase name="verifyItemNamesAndQtyFromRFOtoOC" time="100.449" classname="c2info_OrderBuk_IntegrationSuiteTCs.TC_004_VerifyItemNamesAndQtyFromRFOtoOC"/>
</testsuite> <!-- c2info_OrderBuk_IntegrationSuiteTCs.TC_004_VerifyItemNamesAndQtyFromRFOtoOC -->
