<?xml version="1.0" encoding="UTF-8"?>
<!-- Generated by org.testng.reporters.JUnitReportReporter -->
<testsuite skipped="0" hostname="ChethanBidare-pc" name="c2info_OrderBuk_ReadyForOrderTCs.TC_002_VerifyDetailsExistence" tests="3" failures="0" timestamp="18 Jan 2018 06:35:39 GMT" time="8.565" errors="0">
  <testcase name="verifyOrderIDIsNotNull" time="8.487" classname="c2info_OrderBuk_ReadyForOrderTCs.TC_002_VerifyDetailsExistence"/>
  <testcase name="verifyCustomerNameIsNotNull" time="0.036" classname="c2info_OrderBuk_ReadyForOrderTCs.TC_002_VerifyDetailsExistence"/>
  <testcase name="verifyCustomerNumberIsNotNull" time="0.042" classname="c2info_OrderBuk_ReadyForOrderTCs.TC_002_VerifyDetailsExistence"/>
</testsuite> <!-- c2info_OrderBuk_ReadyForOrderTCs.TC_002_VerifyDetailsExistence -->
