<?xml version="1.0" encoding="UTF-8"?>
<!-- Generated by org.testng.reporters.JUnitReportReporter -->
<testsuite skipped="0" hostname="ChethanBidare-pc" name="c2info_OrderBuk_NewItemPutOnHoldTCs.TC_003_VerifyViewPrescriptionButton" tests="1" failures="0" timestamp="31 Jan 2018 06:57:00 GMT" time="19.420" errors="0">
  <testcase name="verifyPrescriptionButton" time="19.420" classname="c2info_OrderBuk_NewItemPutOnHoldTCs.TC_003_VerifyViewPrescriptionButton"/>
</testsuite> <!-- c2info_OrderBuk_NewItemPutOnHoldTCs.TC_003_VerifyViewPrescriptionButton -->
