<?xml version="1.0" encoding="UTF-8"?>
<!-- Generated by org.testng.reporters.JUnitReportReporter -->
<testsuite skipped="0" hostname="ChethanBidare-pc" name="c2info_OrderBuk_ToBeVerifiedTCs.TC_004_VerifyInvalidButton" tests="1" failures="0" timestamp="08 Jan 2018 04:39:25 GMT" time="37.063" errors="0">
  <testcase name="verifyInvalidButton" time="37.063" classname="c2info_OrderBuk_ToBeVerifiedTCs.TC_004_VerifyInvalidButton"/>
</testsuite> <!-- c2info_OrderBuk_ToBeVerifiedTCs.TC_004_VerifyInvalidButton -->
