<?xml version="1.0" encoding="UTF-8"?>
<!-- Generated by org.testng.reporters.JUnitReportReporter -->
<testsuite skipped="0" hostname="ChethanBidare-pc" name="c2info_OrderBuk_ReadyForOrderTCs.TC_006_VerifyCancelButton" tests="1" failures="0" timestamp="19 Jan 2018 06:50:38 GMT" time="18.481" errors="0">
  <testcase name="verifyCancelButtonFunctionality" time="18.481" classname="c2info_OrderBuk_ReadyForOrderTCs.TC_006_VerifyCancelButton"/>
</testsuite> <!-- c2info_OrderBuk_ReadyForOrderTCs.TC_006_VerifyCancelButton -->
