<?xml version="1.0" encoding="UTF-8"?>
<!-- Generated by org.testng.reporters.JUnitReportReporter -->
<testsuite skipped="0" hostname="ChethanBidare-pc" name="c2info_OrderBuk_OrderSentToServerTCs.TC_002_VerifyViewPrescriptionButton" tests="1" failures="0" timestamp="31 Jan 2018 06:57:00 GMT" time="20.323" errors="0">
  <testcase name="verifyPrescriptionButton" time="20.323" classname="c2info_OrderBuk_OrderSentToServerTCs.TC_002_VerifyViewPrescriptionButton"/>
</testsuite> <!-- c2info_OrderBuk_OrderSentToServerTCs.TC_002_VerifyViewPrescriptionButton -->
