<?xml version="1.0" encoding="UTF-8"?>
<!-- Generated by org.testng.reporters.JUnitReportReporter -->
<testsuite skipped="0" hostname="ChethanBidare-pc" name="c2info_OrderBuk_ToBeVerifiedTCs.TC_004_VerifyInvalidButton" tests="1" failures="0" timestamp="03 Sep 2018 05:45:13 GMT" time="14.210" errors="0">
  <testcase name="verifyInvalidButton" time="14.210" classname="c2info_OrderBuk_ToBeVerifiedTCs.TC_004_VerifyInvalidButton"/>
</testsuite> <!-- c2info_OrderBuk_ToBeVerifiedTCs.TC_004_VerifyInvalidButton -->
