<?xml version="1.0" encoding="UTF-8"?>
<!-- Generated by org.testng.reporters.JUnitReportReporter -->
<testsuite skipped="0" hostname="ChethanBidare-pc" name="c2info_OrderBuk_NewItemPutOnHoldTCs.TC_003_VerifyViewPrescriptionButton" tests="2" failures="0" timestamp="23 Jan 2018 06:08:35 GMT" time="23.601" errors="0">
  <testcase name="verifyPrescriptionButton" time="23.394" classname="c2info_OrderBuk_NewItemPutOnHoldTCs.TC_003_VerifyViewPrescriptionButton"/>
  <testcase name="verifyImageExistanceinPrescPopUp" time="0.207" classname="c2info_OrderBuk_NewItemPutOnHoldTCs.TC_003_VerifyViewPrescriptionButton"/>
</testsuite> <!-- c2info_OrderBuk_NewItemPutOnHoldTCs.TC_003_VerifyViewPrescriptionButton -->
