<?xml version="1.0" encoding="UTF-8"?>
<!-- Generated by org.testng.reporters.JUnitReportReporter -->
<testsuite skipped="0" hostname="ChethanBidare-pc" name="c2info_OrderBuk_ToBeVerifiedTCs.TC_003_VerifyValidButton" tests="1" failures="0" timestamp="05 Jan 2018 09:29:13 GMT" time="15.123" errors="0">
  <testcase name="verifyValidButtonInPrescriptionPage" time="15.123" classname="c2info_OrderBuk_ToBeVerifiedTCs.TC_003_VerifyValidButton"/>
</testsuite> <!-- c2info_OrderBuk_ToBeVerifiedTCs.TC_003_VerifyValidButton -->
