<?xml version="1.0" encoding="UTF-8"?>
<!-- Generated by org.testng.reporters.JUnitReportReporter -->
<testsuite skipped="0" hostname="ChethanBidare-pc" name="c2info_OrderBuk_ToBeVerifiedTCs.TC_006_VerifyOnSubmitReadyForOrder" tests="1" failures="0" timestamp="31 Jan 2018 06:57:00 GMT" time="90.825" errors="0">
  <testcase name="VerifyOrderPushedToReadyForOrder" time="90.825" classname="c2info_OrderBuk_ToBeVerifiedTCs.TC_006_VerifyOnSubmitReadyForOrder"/>
</testsuite> <!-- c2info_OrderBuk_ToBeVerifiedTCs.TC_006_VerifyOnSubmitReadyForOrder -->
