<?xml version="1.0" encoding="UTF-8"?>
<!-- Generated by org.testng.reporters.JUnitReportReporter -->
<testsuite skipped="0" hostname="ChethanBidare-pc" name="c2info_OrderBuk_OrderSentToServerTCs.TC_004_VerifyOrderClosedButton" tests="2" failures="0" timestamp="23 Jan 2018 12:04:41 GMT" time="70.094" errors="0">
  <testcase name="verifyOrderClosedButtonFunctionality" time="39.484" classname="c2info_OrderBuk_OrderSentToServerTCs.TC_004_VerifyOrderClosedButton"/>
  <testcase name="verifyOrderClosedButtonMsg" time="30.610" classname="c2info_OrderBuk_OrderSentToServerTCs.TC_004_VerifyOrderClosedButton"/>
</testsuite> <!-- c2info_OrderBuk_OrderSentToServerTCs.TC_004_VerifyOrderClosedButton -->
