<?xml version="1.0" encoding="UTF-8"?>
<!-- Generated by org.testng.reporters.JUnitReportReporter -->
<testsuite skipped="0" hostname="ChethanBidare-pc" name="c2info_OrderBuk_CustConfirmedveriPendingTCs.TC_004_VerifyCustomerDetailsExistence" tests="1" failures="0" timestamp="29 Jan 2018 11:04:49 GMT" time="7.141" errors="0">
  <testcase name="verifyOrderIDIsNotNull" time="7.141" classname="c2info_OrderBuk_CustConfirmedveriPendingTCs.TC_004_VerifyCustomerDetailsExistence"/>
</testsuite> <!-- c2info_OrderBuk_CustConfirmedveriPendingTCs.TC_004_VerifyCustomerDetailsExistence -->
