<?xml version="1.0" encoding="UTF-8"?>
<!-- Generated by org.testng.reporters.JUnitReportReporter -->
<testsuite skipped="0" hostname="ChethanBidare-pc" name="c2info_OrderBuk_DashboardTCs.TC_005_Verify_MenuSliderIcons" tests="1" failures="0" timestamp="29 Jan 2018 11:04:49 GMT" time="6.203" errors="0">
  <testcase name="verifyDashboardLinkInMenuSlider" time="6.203" classname="c2info_OrderBuk_DashboardTCs.TC_005_Verify_MenuSliderIcons"/>
</testsuite> <!-- c2info_OrderBuk_DashboardTCs.TC_005_Verify_MenuSliderIcons -->
