<?xml version="1.0" encoding="UTF-8"?>
<!-- Generated by org.testng.reporters.JUnitReportReporter -->
<testsuite skipped="0" hostname="ChethanBidare-pc" name="c2info_OrderBuk_OrderSentToServerTCs.TC_003_VerifyOrderHistoryButton" tests="1" failures="0" timestamp="24 Jan 2018 05:52:25 GMT" time="15.645" errors="0">
  <testcase name="verifyOrderhistorybutton" time="15.645" classname="c2info_OrderBuk_OrderSentToServerTCs.TC_003_VerifyOrderHistoryButton"/>
</testsuite> <!-- c2info_OrderBuk_OrderSentToServerTCs.TC_003_VerifyOrderHistoryButton -->
