<?xml version="1.0" encoding="UTF-8"?>
<!-- Generated by org.testng.reporters.JUnitReportReporter -->
<testsuite skipped="0" hostname="ChethanBidare-pc" name="c2info_OrderBuk_OrderSentToServerTCs.TC_007_VerifyGrandTotal" tests="1" failures="0" timestamp="24 Jan 2018 08:53:42 GMT" time="20.256" errors="0">
  <testcase name="verifySumOfSubTotalsWithGrandSubTotal" time="20.256" classname="c2info_OrderBuk_OrderSentToServerTCs.TC_007_VerifyGrandTotal"/>
</testsuite> <!-- c2info_OrderBuk_OrderSentToServerTCs.TC_007_VerifyGrandTotal -->
